<?xml version="1.0" encoding="UTF-8"?><testrun name="Runner" project="CursoCucumber" tests="1" started="1" failures="0" errors="1" ignored="0">
  <testsuite name="br.ce.wcaquino.runners.Runner" time="0.003">
    <testcase name="initializationError" classname="br.ce.wcaquino.runners.Runner" time="0.003">
      <error>cucumber.runtime.CucumberException: Error parsing feature file src/test/resources/feature/aluga_filme.feature&#13;
	at cucumber.runtime.FeatureBuilder.parse(FeatureBuilder.java:133)&#13;
	at cucumber.runtime.model.CucumberFeature.loadFromFeaturePath(CucumberFeature.java:104)&#13;
	at cucumber.runtime.model.CucumberFeature.load(CucumberFeature.java:54)&#13;
	at cucumber.runtime.model.CucumberFeature.load(CucumberFeature.java:34)&#13;
	at cucumber.runtime.RuntimeOptions.cucumberFeatures(RuntimeOptions.java:239)&#13;
	at cucumber.api.junit.Cucumber.&lt;init&gt;(Cucumber.java:62)&#13;
	at sun.reflect.NativeConstructorAccessorImpl.newInstance0(Native Method)&#13;
	at sun.reflect.NativeConstructorAccessorImpl.newInstance(Unknown Source)&#13;
	at sun.reflect.DelegatingConstructorAccessorImpl.newInstance(Unknown Source)&#13;
	at java.lang.reflect.Constructor.newInstance(Unknown Source)&#13;
	at org.junit.internal.builders.AnnotatedBuilder.buildRunner(AnnotatedBuilder.java:104)&#13;
	at org.junit.internal.builders.AnnotatedBuilder.runnerForClass(AnnotatedBuilder.java:86)&#13;
	at org.junit.runners.model.RunnerBuilder.safeRunnerForClass(RunnerBuilder.java:59)&#13;
	at org.junit.internal.builders.AllDefaultPossibilitiesBuilder.runnerForClass(AllDefaultPossibilitiesBuilder.java:26)&#13;
	at org.junit.runners.model.RunnerBuilder.safeRunnerForClass(RunnerBuilder.java:59)&#13;
	at org.junit.internal.requests.ClassRequest.getRunner(ClassRequest.java:33)&#13;
	at org.eclipse.jdt.internal.junit4.runner.JUnit4TestLoader.createUnfilteredTest(JUnit4TestLoader.java:90)&#13;
	at org.eclipse.jdt.internal.junit4.runner.JUnit4TestLoader.createTest(JUnit4TestLoader.java:76)&#13;
	at org.eclipse.jdt.internal.junit4.runner.JUnit4TestLoader.loadTests(JUnit4TestLoader.java:49)&#13;
	at org.eclipse.jdt.internal.junit.runner.RemoteTestRunner.runTests(RemoteTestRunner.java:525)&#13;
	at org.eclipse.jdt.internal.junit.runner.RemoteTestRunner.runTests(RemoteTestRunner.java:763)&#13;
	at org.eclipse.jdt.internal.junit.runner.RemoteTestRunner.run(RemoteTestRunner.java:463)&#13;
	at org.eclipse.jdt.internal.junit.runner.RemoteTestRunner.main(RemoteTestRunner.java:209)&#13;
Caused by: gherkin.parser.ParseError: Parse error at src/test/resources/feature/aluga_filme.feature:33. Found examples when expecting one of: comment, doc_string, row, scenario, scenario_outline, step, tag. (Current getState: step).&#13;
	at gherkin.parser.Parser$Machine.event(Parser.java:207)&#13;
	at gherkin.parser.Parser.event(Parser.java:159)&#13;
	at gherkin.parser.Parser.access$100(Parser.java:16)&#13;
	at gherkin.parser.Parser$Machine.event(Parser.java:215)&#13;
	at gherkin.parser.Parser.event(Parser.java:159)&#13;
	at gherkin.parser.Parser.examples(Parser.java:124)&#13;
	at gherkin.lexer.Pt.scan(Pt.java:966)&#13;
	at gherkin.lexer.I18nLexer.scan(I18nLexer.java:36)&#13;
	at gherkin.parser.Parser.parse(Parser.java:62)&#13;
	at cucumber.runtime.FeatureBuilder.parse(FeatureBuilder.java:131)&#13;
	... 22 more&#13;
&#13;
</error>
    </testcase>
  </testsuite>
</testrun>
