<?xml version="1.0" encoding="UTF-8"?><testrun name="Runner" project="CursoCucumber" tests="32" started="32" failures="0" errors="4" ignored="16">
  <testsuite name="Runner" time="0.141">
    <testsuite name="Funcionalidade: Aprender Cucumber" time="0.141">
      <testsuite name="Cenário: Deve executar especificação" time="0.003">
        <testcase name="Dado que criei o arquivo corretamente" classname="Cenário: Deve executar especificação" time="0.002"/>
        <testcase name="Quando executá-lo novamente" classname="Cenário: Deve executar especificação" time="0.0"/>
        <testcase name="Então a especificação deve finalizar com sucesso" classname="Cenário: Deve executar especificação" time="0.0"/>
      </testsuite>
      <testsuite name="Cenário: Deve incrementar o contador" time="0.009">
        <testcase name="Dado que o valor do contador é 15" classname="Cenário: Deve incrementar o contador" time="0.002"/>
        <testcase name="Quando eu incremento em 3" classname="Cenário: Deve incrementar o contador" time="0.006"/>
        <testcase name="Então o valor do contadaro será 18" classname="Cenário: Deve incrementar o contador" time="0.001"/>
      </testsuite>
      <testsuite name="Cenário: Deve incrementar o contador" time="0.002">
        <testcase name="Dado que o valor do contador é 123" classname="Cenário: Deve incrementar o contador" time="0.001"/>
        <testcase name="Quando eu incremento em 35" classname="Cenário: Deve incrementar o contador" time="0.0"/>
        <testcase name="Então o valor do contadaro será 158" classname="Cenário: Deve incrementar o contador" time="0.001"/>
      </testsuite>
      <testsuite name="Cenário: Deve calcular atraso na entrega" time="0.003" incomplete="true">
        <error>cucumber.runtime.CucumberException: Arity mismatch: Step Definition 'AprenderCucumber.queAEntregaÉDia(Date) in file:/C:/Users/Paulo_Pereira/Documents/bdd/CursoCucumber/target/test-classes/' with pattern [^que a entrega é dia (\d+)/(\d+)/(\d+)$] is declared with 1 parameters. However, the gherkin step has 3 arguments [05, 04, 2018]. 
Step: Dado que a entrega é dia 05/04/2018&#13;
	at cucumber.runtime.StepDefinitionMatch.arityMismatch(StepDefinitionMatch.java:102)&#13;
	at cucumber.runtime.StepDefinitionMatch.transformedArgs(StepDefinitionMatch.java:60)&#13;
	at cucumber.runtime.StepDefinitionMatch.runStep(StepDefinitionMatch.java:37)&#13;
	at cucumber.runtime.Runtime.runStep(Runtime.java:300)&#13;
	at cucumber.runtime.model.StepContainer.runStep(StepContainer.java:44)&#13;
	at cucumber.runtime.model.StepContainer.runSteps(StepContainer.java:39)&#13;
	at cucumber.runtime.model.CucumberScenario.run(CucumberScenario.java:44)&#13;
	at cucumber.runtime.junit.ExecutionUnitRunner.run(ExecutionUnitRunner.java:102)&#13;
	at cucumber.runtime.junit.FeatureRunner.runChild(FeatureRunner.java:63)&#13;
	at cucumber.runtime.junit.FeatureRunner.runChild(FeatureRunner.java:18)&#13;
	at org.junit.runners.ParentRunner$3.run(ParentRunner.java:290)&#13;
	at org.junit.runners.ParentRunner$1.schedule(ParentRunner.java:71)&#13;
	at org.junit.runners.ParentRunner.runChildren(ParentRunner.java:288)&#13;
	at org.junit.runners.ParentRunner.access$000(ParentRunner.java:58)&#13;
	at org.junit.runners.ParentRunner$2.evaluate(ParentRunner.java:268)&#13;
	at org.junit.runners.ParentRunner.run(ParentRunner.java:363)&#13;
	at cucumber.runtime.junit.FeatureRunner.run(FeatureRunner.java:70)&#13;
	at cucumber.api.junit.Cucumber.runChild(Cucumber.java:95)&#13;
	at cucumber.api.junit.Cucumber.runChild(Cucumber.java:38)&#13;
	at org.junit.runners.ParentRunner$3.run(ParentRunner.java:290)&#13;
	at org.junit.runners.ParentRunner$1.schedule(ParentRunner.java:71)&#13;
	at org.junit.runners.ParentRunner.runChildren(ParentRunner.java:288)&#13;
	at org.junit.runners.ParentRunner.access$000(ParentRunner.java:58)&#13;
	at org.junit.runners.ParentRunner$2.evaluate(ParentRunner.java:268)&#13;
	at org.junit.runners.ParentRunner.run(ParentRunner.java:363)&#13;
	at cucumber.api.junit.Cucumber.run(Cucumber.java:100)&#13;
	at org.eclipse.jdt.internal.junit4.runner.JUnit4TestReference.run(JUnit4TestReference.java:89)&#13;
	at org.eclipse.jdt.internal.junit.runner.TestExecution.run(TestExecution.java:41)&#13;
	at org.eclipse.jdt.internal.junit.runner.RemoteTestRunner.runTests(RemoteTestRunner.java:541)&#13;
	at org.eclipse.jdt.internal.junit.runner.RemoteTestRunner.runTests(RemoteTestRunner.java:763)&#13;
	at org.eclipse.jdt.internal.junit.runner.RemoteTestRunner.run(RemoteTestRunner.java:463)&#13;
	at org.eclipse.jdt.internal.junit.runner.RemoteTestRunner.main(RemoteTestRunner.java:209)&#13;
&#13;
</error>
        <testcase name="Dado que a entrega é dia 05/04/2018" classname="Cenário: Deve calcular atraso na entrega" time="0.002">
          <error>cucumber.runtime.CucumberException: Arity mismatch: Step Definition 'AprenderCucumber.queAEntregaÉDia(Date) in file:/C:/Users/Paulo_Pereira/Documents/bdd/CursoCucumber/target/test-classes/' with pattern [^que a entrega é dia (\d+)/(\d+)/(\d+)$] is declared with 1 parameters. However, the gherkin step has 3 arguments [05, 04, 2018]. 
Step: Dado que a entrega é dia 05/04/2018&#13;
	at cucumber.runtime.StepDefinitionMatch.arityMismatch(StepDefinitionMatch.java:102)&#13;
	at cucumber.runtime.StepDefinitionMatch.transformedArgs(StepDefinitionMatch.java:60)&#13;
	at cucumber.runtime.StepDefinitionMatch.runStep(StepDefinitionMatch.java:37)&#13;
	at cucumber.runtime.Runtime.runStep(Runtime.java:300)&#13;
	at cucumber.runtime.model.StepContainer.runStep(StepContainer.java:44)&#13;
	at cucumber.runtime.model.StepContainer.runSteps(StepContainer.java:39)&#13;
	at cucumber.runtime.model.CucumberScenario.run(CucumberScenario.java:44)&#13;
	at cucumber.runtime.junit.ExecutionUnitRunner.run(ExecutionUnitRunner.java:102)&#13;
	at cucumber.runtime.junit.FeatureRunner.runChild(FeatureRunner.java:63)&#13;
	at cucumber.runtime.junit.FeatureRunner.runChild(FeatureRunner.java:18)&#13;
	at org.junit.runners.ParentRunner$3.run(ParentRunner.java:290)&#13;
	at org.junit.runners.ParentRunner$1.schedule(ParentRunner.java:71)&#13;
	at org.junit.runners.ParentRunner.runChildren(ParentRunner.java:288)&#13;
	at org.junit.runners.ParentRunner.access$000(ParentRunner.java:58)&#13;
	at org.junit.runners.ParentRunner$2.evaluate(ParentRunner.java:268)&#13;
	at org.junit.runners.ParentRunner.run(ParentRunner.java:363)&#13;
	at cucumber.runtime.junit.FeatureRunner.run(FeatureRunner.java:70)&#13;
	at cucumber.api.junit.Cucumber.runChild(Cucumber.java:95)&#13;
	at cucumber.api.junit.Cucumber.runChild(Cucumber.java:38)&#13;
	at org.junit.runners.ParentRunner$3.run(ParentRunner.java:290)&#13;
	at org.junit.runners.ParentRunner$1.schedule(ParentRunner.java:71)&#13;
	at org.junit.runners.ParentRunner.runChildren(ParentRunner.java:288)&#13;
	at org.junit.runners.ParentRunner.access$000(ParentRunner.java:58)&#13;
	at org.junit.runners.ParentRunner$2.evaluate(ParentRunner.java:268)&#13;
	at org.junit.runners.ParentRunner.run(ParentRunner.java:363)&#13;
	at cucumber.api.junit.Cucumber.run(Cucumber.java:100)&#13;
	at org.eclipse.jdt.internal.junit4.runner.JUnit4TestReference.run(JUnit4TestReference.java:89)&#13;
	at org.eclipse.jdt.internal.junit.runner.TestExecution.run(TestExecution.java:41)&#13;
	at org.eclipse.jdt.internal.junit.runner.RemoteTestRunner.runTests(RemoteTestRunner.java:541)&#13;
	at org.eclipse.jdt.internal.junit.runner.RemoteTestRunner.runTests(RemoteTestRunner.java:763)&#13;
	at org.eclipse.jdt.internal.junit.runner.RemoteTestRunner.run(RemoteTestRunner.java:463)&#13;
	at org.eclipse.jdt.internal.junit.runner.RemoteTestRunner.main(RemoteTestRunner.java:209)&#13;
&#13;
</error>
        </testcase>
        <testcase name="Quando a entrega atrasar 2 dias" classname="Cenário: Deve calcular atraso na entrega" time="0.001" ignored="true"/>
        <testcase name="Então a entrega será efetuada em 07/04/2018" classname="Cenário: Deve calcular atraso na entrega" time="0.001" ignored="true"/>
      </testsuite>
      <testsuite name="Cenário: Entrega da China" time="0.004" incomplete="true">
        <error>cucumber.runtime.CucumberException: Arity mismatch: Step Definition 'AprenderCucumber.queAEntregaÉDia(Date) in file:/C:/Users/Paulo_Pereira/Documents/bdd/CursoCucumber/target/test-classes/' with pattern [^que a entrega é dia (\d+)/(\d+)/(\d+)$] is declared with 1 parameters. However, the gherkin step has 3 arguments [05, 04, 2018]. 
Step: Dado que a entrega é dia 05/04/2018&#13;
	at cucumber.runtime.StepDefinitionMatch.arityMismatch(StepDefinitionMatch.java:102)&#13;
	at cucumber.runtime.StepDefinitionMatch.transformedArgs(StepDefinitionMatch.java:60)&#13;
	at cucumber.runtime.StepDefinitionMatch.runStep(StepDefinitionMatch.java:37)&#13;
	at cucumber.runtime.Runtime.runStep(Runtime.java:300)&#13;
	at cucumber.runtime.model.StepContainer.runStep(StepContainer.java:44)&#13;
	at cucumber.runtime.model.StepContainer.runSteps(StepContainer.java:39)&#13;
	at cucumber.runtime.model.CucumberScenario.run(CucumberScenario.java:44)&#13;
	at cucumber.runtime.junit.ExecutionUnitRunner.run(ExecutionUnitRunner.java:102)&#13;
	at cucumber.runtime.junit.FeatureRunner.runChild(FeatureRunner.java:63)&#13;
	at cucumber.runtime.junit.FeatureRunner.runChild(FeatureRunner.java:18)&#13;
	at org.junit.runners.ParentRunner$3.run(ParentRunner.java:290)&#13;
	at org.junit.runners.ParentRunner$1.schedule(ParentRunner.java:71)&#13;
	at org.junit.runners.ParentRunner.runChildren(ParentRunner.java:288)&#13;
	at org.junit.runners.ParentRunner.access$000(ParentRunner.java:58)&#13;
	at org.junit.runners.ParentRunner$2.evaluate(ParentRunner.java:268)&#13;
	at org.junit.runners.ParentRunner.run(ParentRunner.java:363)&#13;
	at cucumber.runtime.junit.FeatureRunner.run(FeatureRunner.java:70)&#13;
	at cucumber.api.junit.Cucumber.runChild(Cucumber.java:95)&#13;
	at cucumber.api.junit.Cucumber.runChild(Cucumber.java:38)&#13;
	at org.junit.runners.ParentRunner$3.run(ParentRunner.java:290)&#13;
	at org.junit.runners.ParentRunner$1.schedule(ParentRunner.java:71)&#13;
	at org.junit.runners.ParentRunner.runChildren(ParentRunner.java:288)&#13;
	at org.junit.runners.ParentRunner.access$000(ParentRunner.java:58)&#13;
	at org.junit.runners.ParentRunner$2.evaluate(ParentRunner.java:268)&#13;
	at org.junit.runners.ParentRunner.run(ParentRunner.java:363)&#13;
	at cucumber.api.junit.Cucumber.run(Cucumber.java:100)&#13;
	at org.eclipse.jdt.internal.junit4.runner.JUnit4TestReference.run(JUnit4TestReference.java:89)&#13;
	at org.eclipse.jdt.internal.junit.runner.TestExecution.run(TestExecution.java:41)&#13;
	at org.eclipse.jdt.internal.junit.runner.RemoteTestRunner.runTests(RemoteTestRunner.java:541)&#13;
	at org.eclipse.jdt.internal.junit.runner.RemoteTestRunner.runTests(RemoteTestRunner.java:763)&#13;
	at org.eclipse.jdt.internal.junit.runner.RemoteTestRunner.run(RemoteTestRunner.java:463)&#13;
	at org.eclipse.jdt.internal.junit.runner.RemoteTestRunner.main(RemoteTestRunner.java:209)&#13;
&#13;
</error>
        <testcase name="Dado que a entrega é dia 05/04/2018" classname="Cenário: Entrega da China" time="0.001">
          <error>cucumber.runtime.CucumberException: Arity mismatch: Step Definition 'AprenderCucumber.queAEntregaÉDia(Date) in file:/C:/Users/Paulo_Pereira/Documents/bdd/CursoCucumber/target/test-classes/' with pattern [^que a entrega é dia (\d+)/(\d+)/(\d+)$] is declared with 1 parameters. However, the gherkin step has 3 arguments [05, 04, 2018]. 
Step: Dado que a entrega é dia 05/04/2018&#13;
	at cucumber.runtime.StepDefinitionMatch.arityMismatch(StepDefinitionMatch.java:102)&#13;
	at cucumber.runtime.StepDefinitionMatch.transformedArgs(StepDefinitionMatch.java:60)&#13;
	at cucumber.runtime.StepDefinitionMatch.runStep(StepDefinitionMatch.java:37)&#13;
	at cucumber.runtime.Runtime.runStep(Runtime.java:300)&#13;
	at cucumber.runtime.model.StepContainer.runStep(StepContainer.java:44)&#13;
	at cucumber.runtime.model.StepContainer.runSteps(StepContainer.java:39)&#13;
	at cucumber.runtime.model.CucumberScenario.run(CucumberScenario.java:44)&#13;
	at cucumber.runtime.junit.ExecutionUnitRunner.run(ExecutionUnitRunner.java:102)&#13;
	at cucumber.runtime.junit.FeatureRunner.runChild(FeatureRunner.java:63)&#13;
	at cucumber.runtime.junit.FeatureRunner.runChild(FeatureRunner.java:18)&#13;
	at org.junit.runners.ParentRunner$3.run(ParentRunner.java:290)&#13;
	at org.junit.runners.ParentRunner$1.schedule(ParentRunner.java:71)&#13;
	at org.junit.runners.ParentRunner.runChildren(ParentRunner.java:288)&#13;
	at org.junit.runners.ParentRunner.access$000(ParentRunner.java:58)&#13;
	at org.junit.runners.ParentRunner$2.evaluate(ParentRunner.java:268)&#13;
	at org.junit.runners.ParentRunner.run(ParentRunner.java:363)&#13;
	at cucumber.runtime.junit.FeatureRunner.run(FeatureRunner.java:70)&#13;
	at cucumber.api.junit.Cucumber.runChild(Cucumber.java:95)&#13;
	at cucumber.api.junit.Cucumber.runChild(Cucumber.java:38)&#13;
	at org.junit.runners.ParentRunner$3.run(ParentRunner.java:290)&#13;
	at org.junit.runners.ParentRunner$1.schedule(ParentRunner.java:71)&#13;
	at org.junit.runners.ParentRunner.runChildren(ParentRunner.java:288)&#13;
	at org.junit.runners.ParentRunner.access$000(ParentRunner.java:58)&#13;
	at org.junit.runners.ParentRunner$2.evaluate(ParentRunner.java:268)&#13;
	at org.junit.runners.ParentRunner.run(ParentRunner.java:363)&#13;
	at cucumber.api.junit.Cucumber.run(Cucumber.java:100)&#13;
	at org.eclipse.jdt.internal.junit4.runner.JUnit4TestReference.run(JUnit4TestReference.java:89)&#13;
	at org.eclipse.jdt.internal.junit.runner.TestExecution.run(TestExecution.java:41)&#13;
	at org.eclipse.jdt.internal.junit.runner.RemoteTestRunner.runTests(RemoteTestRunner.java:541)&#13;
	at org.eclipse.jdt.internal.junit.runner.RemoteTestRunner.runTests(RemoteTestRunner.java:763)&#13;
	at org.eclipse.jdt.internal.junit.runner.RemoteTestRunner.run(RemoteTestRunner.java:463)&#13;
	at org.eclipse.jdt.internal.junit.runner.RemoteTestRunner.main(RemoteTestRunner.java:209)&#13;
&#13;
</error>
        </testcase>
        <testcase name="Quando a entrega atrasar 2 meses" classname="Cenário: Entrega da China" time="0.001" ignored="true"/>
        <testcase name="Então a entrega será efetuada em 07/04/2018" classname="Cenário: Entrega da China" time="0.001" ignored="true"/>
      </testsuite>
      <testsuite name="Cenário: Deve criar steps genéricos para estes passos" time="0.009" incomplete="true">
        <skipped/>
        <testcase name="Dado que o ticket é AF345" classname="Cenário: Deve criar steps genéricos para estes passos" time="0.002"/>
        <testcase name="Dado que o valor da passagem é R$ 230,45" classname="Cenário: Deve criar steps genéricos para estes passos" time="0.003"/>
        <testcase name="Dado que o nome do passageiro é &quot;Fulano da Silva&quot;" classname="Cenário: Deve criar steps genéricos para estes passos" time="0.001" ignored="true"/>
        <testcase name="Dado que o telefone do passageiro é 9999-9999" classname="Cenário: Deve criar steps genéricos para estes passos" time="0.001" ignored="true"/>
        <testcase name="Quando criar os steps" classname="Cenário: Deve criar steps genéricos para estes passos" time="0.001" ignored="true"/>
        <testcase name="Então o teste vai funcionar" classname="Cenário: Deve criar steps genéricos para estes passos" time="0.001" ignored="true"/>
      </testsuite>
      <testsuite name="Cenário: Deve reaproveitar os steps &quot;Dado&quot; do cenário anterior" time="0.024" incomplete="true">
        <skipped/>
        <testcase name="Dado que o ticket é AB167" classname="Cenário: Deve reaproveitar os steps &quot;Dado&quot; do cenário anterior" time="0.018"/>
        <testcase name="Dado que o ticket especial é AB167" classname="Cenário: Deve reaproveitar os steps &quot;Dado&quot; do cenário anterior" time="0.002"/>
        <testcase name="Dado que o valor da passagem é R$ 1120,23" classname="Cenário: Deve reaproveitar os steps &quot;Dado&quot; do cenário anterior" time="0.0"/>
        <testcase name="Dado que o nome do passageiro é &quot;Cicrano de Oliveira&quot;" classname="Cenário: Deve reaproveitar os steps &quot;Dado&quot; do cenário anterior" time="0.003" ignored="true"/>
        <testcase name="Dado que o telefone do passageiro é 9888-8888" classname="Cenário: Deve reaproveitar os steps &quot;Dado&quot; do cenário anterior" time="0.001" ignored="true"/>
      </testsuite>
      <testsuite name="Cenário: Deve negar todos os steps &quot;Dado&quot; dos cenários anteriores" time="0.001" incomplete="true">
        <skipped/>
        <testcase name="Dado que o ticket é CD123" classname="Cenário: Deve negar todos os steps &quot;Dado&quot; dos cenários anteriores" time="0.0" ignored="true"/>
        <testcase name="Dado que o ticket é AG1234" classname="Cenário: Deve negar todos os steps &quot;Dado&quot; dos cenários anteriores" time="0.0" ignored="true"/>
        <testcase name="Dado que o valor da passagem é R$ 1.1345,56" classname="Cenário: Deve negar todos os steps &quot;Dado&quot; dos cenários anteriores" time="0.001" ignored="true"/>
        <testcase name="Dado que o nome do passageiro é &quot;Beltrano Souza Matos de Alcântara Azevedo&quot;" classname="Cenário: Deve negar todos os steps &quot;Dado&quot; dos cenários anteriores" time="0.0" ignored="true"/>
        <testcase name="Dado que o telefone do passageiro é 1234-5678" classname="Cenário: Deve negar todos os steps &quot;Dado&quot; dos cenários anteriores" time="0.0" ignored="true"/>
        <testcase name="Dado que o telefone do passageiro é 999-2223" classname="Cenário: Deve negar todos os steps &quot;Dado&quot; dos cenários anteriores" time="0.0" ignored="true"/>
      </testsuite>
    </testsuite>
  </testsuite>
</testrun>
